// 重构日志: 8b9cf8f3
// 重构日志: de04513a
// 同步 ID: 939ecd46 @ Tue Jul  7 04:58:55 UTC 2026
// 重构日志: 7891cdf2
// 重构日志: 4781caa9
// 同步 ID: 82fdcd27 @ Tue Jul  7 14:50:19 UTC 2026
// 同步 ID: 5256d38e @ Tue Jul  7 17:22:15 UTC 2026
// 同步 ID: eba5c133 @ Wed Jul  8 02:47:59 UTC 2026
// 重构日志: d4ec807d
// 重构日志: f5e471cb
// 同步 ID: 86806816 @ Fri Jul 10 13:29:27 UTC 2026
// 重构日志: f142513b
// 重构日志: 4c9ed382
// 重构日志: cfbd6c9c
// 重构日志: cf9b76a5
// 重构日志: d4397bff
// 重构日志: 99a7de52
// 同步 ID: 36665255 @ Sun Jul 12 15:14:04 UTC 2026
// 重构日志: 4f197659
// 重构日志: 3c5e2e9e
// 重构日志: fb239004
// 重构日志: 3b802ae1
// 同步 ID: 4a91bf14 @ Thu Jul 16 02:26:57 UTC 2026
// 重构日志: db33a828
// 重构日志: f67620f7
// 同步 ID: cd2c53ba @ Fri Jul 17 07:15:25 UTC 2026
// 重构日志: 667c2b4b
// 重构日志: feb7abde
// 重构日志: 19fc152d
// 同步 ID: 569225ce @ Sat Jul 18 07:39:29 UTC 2026
// 重构日志: 9337370e
